<?xml version="1.0" encoding="UTF-8"?>
<!-- Generated by org.testng.reporters.JUnitReportReporter -->
<testsuite hostname="DESKTOP-346RFLV" failures="0" tests="7" name="com.employeesAPI.testcases.TC003_POST_New_Employee_Record" time="0.019" errors="0" timestamp="2022-11-10T14:44:58 EST" skipped="0">
  <testcase classname="com.employeesAPI.testcases.TC003_POST_New_Employee_Record" name="checkStatusLine" time="0.002"/>
  <system-out/>
  <testcase classname="com.employeesAPI.testcases.TC003_POST_New_Employee_Record" name="checkSuccessCode" time="0.001"/>
  <system-out/>
  <testcase classname="com.employeesAPI.testcases.TC003_POST_New_Employee_Record" name="checkContentType" time="0.006"/>
  <system-out/>
  <testcase classname="com.employeesAPI.testcases.TC003_POST_New_Employee_Record" name="checkContentLength" time="0.004"/>
  <system-out/>
  <testcase classname="com.employeesAPI.testcases.TC003_POST_New_Employee_Record" name="checkResponseTime" time="0.001"/>
  <system-out/>
  <testcase classname="com.employeesAPI.testcases.TC003_POST_New_Employee_Record" name="checkServer" time="0.003"/>
  <system-out/>
  <testcase classname="com.employeesAPI.testcases.TC003_POST_New_Employee_Record" name="checkResponseBody" time="0.002"/>
  <system-out/>
</testsuite> <!-- com.employeesAPI.testcases.TC003_POST_New_Employee_Record -->
